<?xml version="1.0" encoding="UTF-8"?>
<!-- Generated by org.testng.reporters.JUnitXMLReporter -->
<testsuite ignored="0" hostname="SIPL30" failures="0" tests="1" name="Business Unit verification in edit tab" time="0.006" errors="0" timestamp="2023-08-18T16:57:20 IST">
  <testcase classname="connect_BasePackage.BaseInit" name="@BeforeMethod testMethodName" time="-1.692358040747E9">
    <skipped/>
  </testcase> <!-- @BeforeMethod testMethodName -->
  <testcase classname="connect_BasePackage.BaseInit" name="@AfterMethod getResult" time="-1.692358040749E9">
    <skipped/>
  </testcase> <!-- @AfterMethod getResult -->
  <testcase classname="BU_verification_30014.Business_unit_verification" name="fatl" time="0.0">
    <skipped/>
  </testcase> <!-- fatl -->
</testsuite> <!-- Business Unit verification in edit tab -->
