<?xml version="1.0" encoding="UTF-8"?>
<!-- Generated by org.testng.reporters.JUnitXMLReporter -->
<testsuite ignored="0" hostname="SIPL30" failures="0" tests="1" name="DeltaAirline" time="0.006" errors="0" timestamp="2023-08-18T16:57:20 IST">
  <testcase classname="connect_BasePackage.BaseInit" name="@BeforeMethod testMethodName" time="-1.6923580407E9">
    <skipped/>
  </testcase> <!-- @BeforeMethod testMethodName -->
  <testcase classname="connect_BasePackage.BaseInit" name="@AfterMethod getResult" time="-1.692358040703E9">
    <skipped/>
  </testcase> <!-- @AfterMethod getResult -->
  <testcase classname="Connect_CreateBookingdeltaAirlines.SDdelta" name="sdSameDay" time="0.0">
    <skipped/>
  </testcase> <!-- sdSameDay -->
</testsuite> <!-- DeltaAirline -->
