<?xml version="1.0" encoding="UTF-8"?>
<!-- Generated by org.testng.reporters.JUnitXMLReporter -->
<testsuite ignored="0" hostname="SIPL30" failures="0" tests="1" name="ECourier-Test Utility" time="0.005" errors="0" timestamp="2023-08-18T16:57:20 IST">
  <testcase classname="connect_BasePackage.BaseInit" name="@BeforeMethod testMethodName" time="-1.692358040691E9">
    <skipped/>
  </testcase> <!-- @BeforeMethod testMethodName -->
  <testcase classname="connect_BasePackage.BaseInit" name="@AfterMethod getResult" time="-1.692358040694E9">
    <skipped/>
  </testcase> <!-- @AfterMethod getResult -->
  <testcase classname="connect_Ecourier.LOCEcourier" name="LocEcourier" time="0.0">
    <skipped/>
  </testcase> <!-- LocEcourier -->
</testsuite> <!-- ECourier-Test Utility -->
