<?xml version="1.0" encoding="UTF-8"?>
<!-- Generated by org.testng.reporters.JUnitXMLReporter -->
<testsuite ignored="0" hostname="DESKTOP-TSAK19I" failures="1" tests="1" name="LOCEcourier" time="4.442" errors="0" timestamp="2023-04-04T18:45:07 IST">
  <testcase classname="connect_Ecourier.LOCEcourier" name="LocEcourier" time="4.367">
    <failure type="java.lang.NullPointerException" message="Cannot invoke &amp;quot;org.openqa.selenium.WebElement.getText()&amp;quot; because the return value of &amp;quot;connect_Ecourier.LOCEcourier.isElementPresent(String)&amp;quot; is null">
      <![CDATA[java.lang.NullPointerException: Cannot invoke "org.openqa.selenium.WebElement.getText()" because the return value of "connect_Ecourier.LOCEcourier.isElementPresent(String)" is null
at connect_Ecourier.LOCEcourier.LocEcourier(LOCEcourier.java:33)
at java.base/java.util.ArrayList.forEach(ArrayList.java:1511)
... Removed 25 stack frames]]>
    </failure>
  </testcase> <!-- LocEcourier -->
</testsuite> <!-- LOCEcourier -->
