# JRE version: OpenJDK Runtime Environment (16.0.2+7) (build 16.0.2+7-67)
# Java VM: OpenJDK 64-Bit Server VM (16.0.2+7-67, mixed mode, tiered, compressed oops, compressed class ptrs, g1 gc, windows-amd64)
GC Precious Log:
 CPUs: 8 total, 8 available
 Memory: 8078M
 Large Page Support: Disabled
 NUMA Support: Disabled
 Compressed Oops: Enabled (32-bit)
 Heap Region Size: 1M
 Heap Min Capacity: 8M
 Heap Initial Capacity: 128M
 Heap Max Capacity: 2020M
 Pre-touch: Disabled
 Parallel Workers: 8
 Concurrent Workers: 2
 Concurrent Refinement Workers: 8
 Periodic GC: Disabled
Heap:
 garbage-first heap   total 46080K, used 16870K [0x0000000081c00000, 0x0000000100000000)
  region size 1024K, 3 young (3072K), 1 survivors (1024K)
 Metaspace       used 37591K, committed 37888K, reserved 1089536K
  class space    used 3927K, committed 4032K, reserved 1048576K
GC Heap History (20 events):
Event: 352.891 GC heap before
{Heap before GC invocations=75 (full 0):
 garbage-first heap   total 46080K, used 37393K [0x0000000081c00000, 0x0000000100000000)
  region size 1024K, 23 young (23552K), 1 survivors (1024K)
 Metaspace       used 37545K, committed 37824K, reserved 1089536K
  class space    used 3923K, committed 4032K, reserved 1048576K
}
Event: 352.892 GC heap after
{Heap after GC invocations=76 (full 0):
 garbage-first heap   total 46080K, used 15967K [0x0000000081c00000, 0x0000000100000000)
  region size 1024K, 1 young (1024K), 1 survivors (1024K)
 Metaspace       used 37545K, committed 37824K, reserved 1089536K
  class space    used 3923K, committed 4032K, reserved 1048576K
}
Event: 356.849 GC heap before
{Heap before GC invocations=76 (full 0):
 garbage-first heap   total 46080K, used 37471K [0x0000000081c00000, 0x0000000100000000)
  region size 1024K, 23 young (23552K), 1 survivors (1024K)
 Metaspace       used 37545K, committed 37824K, reserved 1089536K
  class space    used 3923K, committed 4032K, reserved 1048576K
}
Event: 356.851 GC heap after
{Heap after GC invocations=77 (full 0):
 garbage-first heap   total 46080K, used 15916K [0x0000000081c00000, 0x0000000100000000)
  region size 1024K, 1 young (1024K), 1 survivors (1024K)
 Metaspace       used 37545K, committed 37824K, reserved 1089536K
  class space    used 3923K, committed 4032K, reserved 1048576K
}
Event: 360.256 GC heap before
{Heap before GC invocations=77 (full 0):
 garbage-first heap   total 46080K, used 37420K [0x0000000081c00000, 0x0000000100000000)
  region size 1024K, 23 young (23552K), 1 survivors (1024K)
 Metaspace       used 37545K, committed 37824K, reserved 1089536K
  class space    used 3923K, committed 4032K, reserved 1048576K
}
Event: 360.257 GC heap after
{Heap after GC invocations=78 (full 0):
 garbage-first heap   total 46080K, used 15947K [0x0000000081c00000, 0x0000000100000000)
  region size 1024K, 1 young (1024K), 1 survivors (1024K)
 Metaspace       used 37545K, committed 37824K, reserved 1089536K
  class space    used 3923K, committed 4032K, reserved 1048576K
}
Event: 370.885 GC heap before
{Heap before GC invocations=78 (full 0):
 garbage-first heap   total 46080K, used 37451K [0x0000000081c00000, 0x0000000100000000)
  region size 1024K, 23 young (23552K), 1 survivors (1024K)
 Metaspace       used 37553K, committed 37824K, reserved 1089536K
  class space    used 3924K, committed 4032K, reserved 1048576K
}
Event: 370.886 GC heap after
{Heap after GC invocations=79 (full 0):
 garbage-first heap   total 46080K, used 16209K [0x0000000081c00000, 0x0000000100000000)
  region size 1024K, 1 young (1024K), 1 survivors (1024K)
 Metaspace       used 37553K, committed 37824K, reserved 1089536K
  class space    used 3924K, committed 4032K, reserved 1048576K
}
Event: 374.556 GC heap before
{Heap before GC invocations=79 (full 0):
 garbage-first heap   total 46080K, used 37713K [0x0000000081c00000, 0x0000000100000000)
  region size 1024K, 23 young (23552K), 1 survivors (1024K)
 Metaspace       used 37557K, committed 37824K, reserved 1089536K
  class space    used 3924K, committed 4032K, reserved 1048576K
}
Event: 374.557 GC heap after
{Heap after GC invocations=80 (full 0):
 garbage-first heap   total 46080K, used 15955K [0x0000000081c00000, 0x0000000100000000)
  region size 1024K, 1 young (1024K), 1 survivors (1024K)
 Metaspace       used 37557K, committed 37824K, reserved 1089536K
  class space    used 3924K, committed 4032K, reserved 1048576K
}
Event: 483.973 GC heap before
{Heap before GC invocations=80 (full 0):
 garbage-first heap   total 46080K, used 37459K [0x0000000081c00000, 0x0000000100000000)
  region size 1024K, 23 young (23552K), 1 survivors (1024K)
 Metaspace       used 37561K, committed 37824K, reserved 1089536K
  class space    used 3925K, committed 4032K, reserved 1048576K
}
Event: 483.974 GC heap after
{Heap after GC invocations=81 (full 0):
 garbage-first heap   total 46080K, used 15983K [0x0000000081c00000, 0x0000000100000000)
  region size 1024K, 1 young (1024K), 1 survivors (1024K)
 Metaspace       used 37561K, committed 37824K, reserved 1089536K
  class space    used 3925K, committed 4032K, reserved 1048576K
}
Event: 488.994 GC heap before
{Heap before GC invocations=81 (full 0):
 garbage-first heap   total 46080K, used 37487K [0x0000000081c00000, 0x0000000100000000)
  region size 1024K, 23 young (23552K), 1 survivors (1024K)
 Metaspace       used 37562K, committed 37824K, reserved 1089536K
  class space    used 3925K, committed 4032K, reserved 1048576K
}
Event: 488.995 GC heap after
{Heap after GC invocations=82 (full 0):
 garbage-first heap   total 46080K, used 16361K [0x0000000081c00000, 0x0000000100000000)
  region size 1024K, 1 young (1024K), 1 survivors (1024K)
 Metaspace       used 37562K, committed 37824K, reserved 1089536K
  class space    used 3925K, committed 4032K, reserved 1048576K
}
Event: 493.112 GC heap before
{Heap before GC invocations=82 (full 0):
 garbage-first heap   total 46080K, used 36841K [0x0000000081c00000, 0x0000000100000000)
  region size 1024K, 22 young (22528K), 1 survivors (1024K)
 Metaspace       used 37562K, committed 37824K, reserved 1089536K
  class space    used 3925K, committed 4032K, reserved 1048576K
}
Event: 493.113 GC heap after
{Heap after GC invocations=83 (full 0):
 garbage-first heap   total 46080K, used 15996K [0x0000000081c00000, 0x0000000100000000)
  region size 1024K, 1 young (1024K), 1 survivors (1024K)
 Metaspace       used 37562K, committed 37824K, reserved 1089536K
  class space    used 3925K, committed 4032K, reserved 1048576K
}
Event: 524.438 GC heap before
{Heap before GC invocations=83 (full 0):
 garbage-first heap   total 46080K, used 37500K [0x0000000081c00000, 0x0000000100000000)
  region size 1024K, 23 young (23552K), 1 survivors (1024K)
 Metaspace       used 37562K, committed 37824K, reserved 1089536K
  class space    used 3925K, committed 4032K, reserved 1048576K
}
Event: 524.439 GC heap after
{Heap after GC invocations=84 (full 0):
 garbage-first heap   total 46080K, used 16443K [0x0000000081c00000, 0x0000000100000000)
  region size 1024K, 1 young (1024K), 1 survivors (1024K)
 Metaspace       used 37562K, committed 37824K, reserved 1089536K
  class space    used 3925K, committed 4032K, reserved 1048576K
}
Event: 545.469 GC heap before
{Heap before GC invocations=84 (full 0):
 garbage-first heap   total 46080K, used 37947K [0x0000000081c00000, 0x0000000100000000)
  region size 1024K, 22 young (22528K), 1 survivors (1024K)
 Metaspace       used 37566K, committed 37824K, reserved 1089536K
  class space    used 3925K, committed 4032K, reserved 1048576K
}
Event: 545.470 GC heap after
{Heap after GC invocations=85 (full 0):
 garbage-first heap   total 46080K, used 15846K [0x0000000081c00000, 0x0000000100000000)
  region size 1024K, 1 young (1024K), 1 survivors (1024K)
 Metaspace       used 37566K, committed 37824K, reserved 1089536K
  class space    used 3925K, committed 4032K, reserved 1048576K
}

