# JRE version: OpenJDK Runtime Environment Temurin-17.0.5+8 (17.0.5+8) (build 17.0.5+8)
# Java VM: OpenJDK 64-Bit Server VM Temurin-17.0.5+8 (17.0.5+8, mixed mode, tiered, compressed oops, compressed class ptrs, g1 gc, windows-amd64)
GC Precious Log:
 CPUs: 4 total, 4 available
 Memory: 8117M
 Large Page Support: Disabled
 NUMA Support: Disabled
 Compressed Oops: Enabled (32-bit)
 Heap Region Size: 1M
 Heap Min Capacity: 8M
 Heap Initial Capacity: 128M
 Heap Max Capacity: 2030M
 Pre-touch: Disabled
 Parallel Workers: 4
 Concurrent Workers: 1
 Concurrent Refinement Workers: 4
 Periodic GC: Disabled
Heap:
 garbage-first heap   total 40960K, used 29436K [0x0000000081200000, 0x0000000100000000)
  region size 1024K, 16 young (16384K), 1 survivors (1024K)
 Metaspace       used 37400K, committed 37696K, reserved 1089536K
  class space    used 3948K, committed 4096K, reserved 1048576K
GC Heap History (20 events):
Event: 105.236 GC heap before
{Heap before GC invocations=49 (full 0):
 garbage-first heap   total 40960K, used 33359K [0x0000000081200000, 0x0000000100000000)
  region size 1024K, 19 young (19456K), 1 survivors (1024K)
 Metaspace       used 36839K, committed 37120K, reserved 1089536K
  class space    used 3945K, committed 4096K, reserved 1048576K
}
Event: 105.238 GC heap after
{Heap after GC invocations=50 (full 0):
 garbage-first heap   total 40960K, used 15981K [0x0000000081200000, 0x0000000100000000)
  region size 1024K, 1 young (1024K), 1 survivors (1024K)
 Metaspace       used 36839K, committed 37120K, reserved 1089536K
  class space    used 3945K, committed 4096K, reserved 1048576K
}
Event: 105.998 GC heap before
{Heap before GC invocations=50 (full 0):
 garbage-first heap   total 40960K, used 33389K [0x0000000081200000, 0x0000000100000000)
  region size 1024K, 19 young (19456K), 1 survivors (1024K)
 Metaspace       used 36888K, committed 37184K, reserved 1089536K
  class space    used 3945K, committed 4096K, reserved 1048576K
}
Event: 105.999 GC heap after
{Heap after GC invocations=51 (full 0):
 garbage-first heap   total 40960K, used 15959K [0x0000000081200000, 0x0000000100000000)
  region size 1024K, 1 young (1024K), 1 survivors (1024K)
 Metaspace       used 36888K, committed 37184K, reserved 1089536K
  class space    used 3945K, committed 4096K, reserved 1048576K
}
Event: 106.279 GC heap before
{Heap before GC invocations=51 (full 0):
 garbage-first heap   total 40960K, used 34391K [0x0000000081200000, 0x0000000100000000)
  region size 1024K, 19 young (19456K), 1 survivors (1024K)
 Metaspace       used 36977K, committed 37248K, reserved 1089536K
  class space    used 3946K, committed 4096K, reserved 1048576K
}
Event: 106.279 GC heap after
{Heap after GC invocations=52 (full 0):
 garbage-first heap   total 40960K, used 15912K [0x0000000081200000, 0x0000000100000000)
  region size 1024K, 1 young (1024K), 1 survivors (1024K)
 Metaspace       used 36977K, committed 37248K, reserved 1089536K
  class space    used 3946K, committed 4096K, reserved 1048576K
}
Event: 108.025 GC heap before
{Heap before GC invocations=52 (full 0):
 garbage-first heap   total 40960K, used 33320K [0x0000000081200000, 0x0000000100000000)
  region size 1024K, 19 young (19456K), 1 survivors (1024K)
 Metaspace       used 37121K, committed 37376K, reserved 1089536K
  class space    used 3947K, committed 4096K, reserved 1048576K
}
Event: 108.027 GC heap after
{Heap after GC invocations=53 (full 0):
 garbage-first heap   total 40960K, used 16626K [0x0000000081200000, 0x0000000100000000)
  region size 1024K, 1 young (1024K), 1 survivors (1024K)
 Metaspace       used 37121K, committed 37376K, reserved 1089536K
  class space    used 3947K, committed 4096K, reserved 1048576K
}
Event: 108.572 GC heap before
{Heap before GC invocations=53 (full 0):
 garbage-first heap   total 40960K, used 33010K [0x0000000081200000, 0x0000000100000000)
  region size 1024K, 18 young (18432K), 1 survivors (1024K)
 Metaspace       used 37165K, committed 37504K, reserved 1089536K
  class space    used 3947K, committed 4096K, reserved 1048576K
}
Event: 108.573 GC heap after
{Heap after GC invocations=54 (full 0):
 garbage-first heap   total 40960K, used 16061K [0x0000000081200000, 0x0000000100000000)
  region size 1024K, 1 young (1024K), 1 survivors (1024K)
 Metaspace       used 37165K, committed 37504K, reserved 1089536K
  class space    used 3947K, committed 4096K, reserved 1048576K
}
Event: 111.005 GC heap before
{Heap before GC invocations=54 (full 0):
 garbage-first heap   total 40960K, used 33469K [0x0000000081200000, 0x0000000100000000)
  region size 1024K, 19 young (19456K), 1 survivors (1024K)
 Metaspace       used 37203K, committed 37504K, reserved 1089536K
  class space    used 3947K, committed 4096K, reserved 1048576K
}
Event: 111.005 GC heap after
{Heap after GC invocations=55 (full 0):
 garbage-first heap   total 40960K, used 16258K [0x0000000081200000, 0x0000000100000000)
  region size 1024K, 1 young (1024K), 1 survivors (1024K)
 Metaspace       used 37203K, committed 37504K, reserved 1089536K
  class space    used 3947K, committed 4096K, reserved 1048576K
}
Event: 113.292 GC heap before
{Heap before GC invocations=55 (full 0):
 garbage-first heap   total 40960K, used 34690K [0x0000000081200000, 0x0000000100000000)
  region size 1024K, 19 young (19456K), 1 survivors (1024K)
 Metaspace       used 37214K, committed 37504K, reserved 1089536K
  class space    used 3947K, committed 4096K, reserved 1048576K
}
Event: 113.293 GC heap after
{Heap after GC invocations=56 (full 0):
 garbage-first heap   total 40960K, used 16060K [0x0000000081200000, 0x0000000100000000)
  region size 1024K, 1 young (1024K), 1 survivors (1024K)
 Metaspace       used 37214K, committed 37504K, reserved 1089536K
  class space    used 3947K, committed 4096K, reserved 1048576K
}
Event: 114.517 GC heap before
{Heap before GC invocations=56 (full 0):
 garbage-first heap   total 40960K, used 34492K [0x0000000081200000, 0x0000000100000000)
  region size 1024K, 19 young (19456K), 1 survivors (1024K)
 Metaspace       used 37236K, committed 37568K, reserved 1089536K
  class space    used 3947K, committed 4096K, reserved 1048576K
}
Event: 114.518 GC heap after
{Heap after GC invocations=57 (full 0):
 garbage-first heap   total 40960K, used 16351K [0x0000000081200000, 0x0000000100000000)
  region size 1024K, 1 young (1024K), 1 survivors (1024K)
 Metaspace       used 37236K, committed 37568K, reserved 1089536K
  class space    used 3947K, committed 4096K, reserved 1048576K
}
Event: 114.699 GC heap before
{Heap before GC invocations=57 (full 0):
 garbage-first heap   total 40960K, used 33759K [0x0000000081200000, 0x0000000100000000)
  region size 1024K, 19 young (19456K), 1 survivors (1024K)
 Metaspace       used 37272K, committed 37568K, reserved 1089536K
  class space    used 3947K, committed 4096K, reserved 1048576K
}
Event: 114.700 GC heap after
{Heap after GC invocations=58 (full 0):
 garbage-first heap   total 40960K, used 16289K [0x0000000081200000, 0x0000000100000000)
  region size 1024K, 1 young (1024K), 1 survivors (1024K)
 Metaspace       used 37272K, committed 37568K, reserved 1089536K
  class space    used 3947K, committed 4096K, reserved 1048576K
}
Event: 116.185 GC heap before
{Heap before GC invocations=58 (full 0):
 garbage-first heap   total 40960K, used 32673K [0x0000000081200000, 0x0000000100000000)
  region size 1024K, 18 young (18432K), 1 survivors (1024K)
 Metaspace       used 37300K, committed 37568K, reserved 1089536K
  class space    used 3947K, committed 4096K, reserved 1048576K
}
Event: 116.186 GC heap after
{Heap after GC invocations=59 (full 0):
 garbage-first heap   total 40960K, used 16124K [0x0000000081200000, 0x0000000100000000)
  region size 1024K, 1 young (1024K), 1 survivors (1024K)
 Metaspace       used 37300K, committed 37568K, reserved 1089536K
  class space    used 3947K, committed 4096K, reserved 1048576K
}

