<?xml version="1.0" encoding="UTF-8"?>
<!-- Generated by org.testng.reporters.JUnitXMLReporter -->
<testsuite ignored="0" hostname="SIPL35" failures="1" tests="1" name="LOCEcourier" time="221.726" errors="0" timestamp="2023-03-17T14:26:06 IST">
  <testcase classname="connect_Ecourier.LOCEcourier" name="LocEcourier" time="221.393">
    <failure type="java.lang.IllegalArgumentException" message="Keys to send should be a not null CharSequence">
      <![CDATA[java.lang.IllegalArgumentException: Keys to send should be a not null CharSequence
at org.openqa.selenium.remote.RemoteWebElement.sendKeys(RemoteWebElement.java:97)
at connect_Ecourier.EcourierUtility.EcourierSetStatuReject(EcourierUtility.java:70)
at connect_Ecourier.LOCEcourier.LocEcourier(LOCEcourier.java:88)
at java.base/java.util.ArrayList.forEach(ArrayList.java:1511)
... Removed 27 stack frames]]>
    </failure>
  </testcase> <!-- LocEcourier -->
</testsuite> <!-- LOCEcourier -->
